2026-06-07 09:13:43 [INFO   ] __main__: ============================================================
2026-06-07 09:13:43 [INFO   ] __main__: 悉大新生获客 Pipeline 启动 — 2026-06-07
2026-06-07 09:13:43 [INFO   ] scraper: USE_MOCK_DATA=True — 生成测试数据
2026-06-07 09:13:43 [INFO   ] scraper: Mock 爬取完成 — 89 个用户
2026-06-07 09:13:43 [INFO   ] __main__: 步骤 1/4 — 爬取: 89 条原始记录
2026-06-07 09:13:43 [INFO   ] matcher: 筛选完成：89/89 个用户通过阈值 40（已按回复可能性排序）
2026-06-07 09:13:43 [INFO   ] __main__: 步骤 2/4 — 识别新生 + 生成话术: 89 个通过
2026-06-07 09:13:43 [INFO   ] deduplicator: 去重：89 总 → 89 新（过滤 0 重复）
2026-06-07 09:13:43 [INFO   ] __main__: 步骤 3/4 — 去重: 89 个新用户（历史库 0）
2026-06-07 09:13:43 [INFO   ] deduplicator: 标记 20 个新用户为已见（库总计：20）
2026-06-07 09:17:55 [INFO   ] __main__: ============================================================
2026-06-07 09:17:55 [INFO   ] __main__: 悉大新生获客 Pipeline 启动 — 2026-06-07
2026-06-07 09:17:55 [INFO   ] scraper: USE_MOCK_DATA=True — 生成测试数据
2026-06-07 09:17:55 [INFO   ] scraper: Mock 爬取完成 — 75 个用户
2026-06-07 09:17:55 [INFO   ] __main__: 步骤 1/4 — 爬取: 75 条原始记录
2026-06-07 09:17:55 [INFO   ] matcher: 筛选完成：75/75 个用户通过阈值 40（已按回复可能性排序）
2026-06-07 09:17:55 [INFO   ] __main__: 步骤 2/4 — 识别新生 + 生成话术: 75 个通过
2026-06-07 09:17:55 [INFO   ] deduplicator: 去重：75 总 → 75 新（过滤 0 重复）
2026-06-07 09:17:55 [INFO   ] __main__: 步骤 3/4 — 去重: 75 个新用户（历史库 20）
2026-06-07 09:17:55 [INFO   ] deduplicator: 标记 20 个新用户为已见（库总计：40）
2026-06-07 09:18:13 [ERROR  ] email_sender: 发送邮件出错: [Errno 97] Address family not supported by protocol
2026-06-07 09:18:13 [INFO   ] __main__: Pipeline 完成: {'date': '2026-06-07', 'scraped': 89, 'scored': 89, 'new': 20, 'email_sent': False}
2026-06-07 09:18:13 [INFO   ] __main__: ============================================================
2026-06-07 09:22:15 [INFO   ] __main__: ============================================================
2026-06-07 09:22:15 [INFO   ] __main__: 悉大新生获客 Pipeline 启动 — 2026-06-07
2026-06-07 09:22:15 [INFO   ] scraper: USE_MOCK_DATA=True — 生成测试数据
2026-06-07 09:22:15 [INFO   ] scraper: Mock 爬取完成 — 74 个用户
2026-06-07 09:22:15 [INFO   ] __main__: 步骤 1/4 — 爬取: 74 条原始记录
2026-06-07 09:22:15 [INFO   ] matcher: 筛选完成：74/74 个用户通过阈值 40（已按回复可能性排序）
2026-06-07 09:22:15 [INFO   ] __main__: 步骤 2/4 — 识别新生 + 生成话术: 74 个通过
2026-06-07 09:22:15 [INFO   ] deduplicator: 去重：74 总 → 74 新（过滤 0 重复）
2026-06-07 09:22:15 [INFO   ] __main__: 步骤 3/4 — 去重: 74 个新用户（历史库 40）
2026-06-07 09:22:15 [INFO   ] deduplicator: 标记 20 个新用户为已见（库总计：60）
2026-06-07 09:22:25 [ERROR  ] email_sender: 发送邮件出错: [Errno 97] Address family not supported by protocol
2026-06-07 09:22:25 [INFO   ] __main__: Pipeline 完成: {'date': '2026-06-07', 'scraped': 75, 'scored': 75, 'new': 20, 'email_sent': False}
2026-06-07 09:22:25 [INFO   ] __main__: ============================================================
